<?xml version="1.0" encoding="UTF-8"?>
<coverage generated="1646210389757" clover="3.2.0">
  <project timestamp="1646210389757" name="All files">
    <metrics statements="18" coveredstatements="18" conditionals="4" coveredconditionals="4" methods="9" coveredmethods="9" elements="31" coveredelements="31" complexity="0" loc="18" ncloc="18" packages="1" files="2" classes="2"/>
    <file name="asyncTest.js" path="/home/projects/node-mgccng/asyncTest.js">
      <metrics statements="12" coveredstatements="12" conditionals="4" coveredconditionals="4" methods="4" coveredmethods="4"/>
      <line num="1" count="1" type="stmt"/>
      <line num="2" count="2" type="stmt"/>
      <line num="3" count="2" type="stmt"/>
      <line num="6" count="1" type="stmt"/>
      <line num="7" count="2" type="cond" truecount="2" falsecount="0"/>
      <line num="8" count="1" type="stmt"/>
      <line num="11" count="1" type="stmt"/>
      <line num="12" count="2" type="stmt"/>
      <line num="15" count="2" type="cond" truecount="2" falsecount="0"/>
      <line num="16" count="1" type="stmt"/>
      <line num="18" count="1" type="stmt"/>
      <line num="23" count="1" type="stmt"/>
    </file>
    <file name="functionTest.js" path="/home/projects/node-mgccng/functionTest.js">
      <metrics statements="6" coveredstatements="6" conditionals="0" coveredconditionals="0" methods="5" coveredmethods="5"/>
      <line num="2" count="1" type="stmt"/>
      <line num="5" count="1" type="stmt"/>
      <line num="8" count="3" type="stmt"/>
      <line num="11" count="1" type="stmt"/>
      <line num="14" count="1" type="stmt"/>
      <line num="16" count="1" type="stmt"/>
    </file>
  </project>
</coverage>
