TN:
SF:asyncTest.js
FN:1,(anonymous_0)
FN:6,(anonymous_1)
FN:11,(anonymous_2)
FN:12,(anonymous_3)
FNF:4
FNH:4
FNDA:2,(anonymous_0)
FNDA:2,(anonymous_1)
FNDA:2,(anonymous_2)
FNDA:2,(anonymous_3)
DA:1,1
DA:2,2
DA:3,2
DA:6,1
DA:7,2
DA:8,1
DA:11,1
DA:12,2
DA:15,2
DA:16,1
DA:18,1
DA:23,1
LF:12
LH:12
BRDA:7,0,0,1
BRDA:7,0,1,1
BRDA:15,1,0,1
BRDA:15,1,1,1
BRF:4
BRH:4
end_of_record
TN:
SF:functionTest.js
FN:1,sum
FN:4,multiply
FN:7,division
FN:10,toBeUndefined
FN:13,toBeTrue
FNF:5
FNH:5
FNDA:1,sum
FNDA:1,multiply
FNDA:3,division
FNDA:1,toBeUndefined
FNDA:1,toBeTrue
DA:2,1
DA:5,1
DA:8,3
DA:11,1
DA:14,1
DA:16,1
LF:6
LH:6
BRF:0
BRH:0
end_of_record
